Base path: '/Applications/Unity/Hub/Editor/2019.4.16f1/Unity.app/Contents', plugins path '/Applications/Unity/Hub/Editor/2019.4.16f1/PlaybackEngines'
Cmd: initializeCompiler
Cmd: compileComputeKernel
  api=14 insize=18731 outsize=9597 ok=1
Cmd: compileComputeKernel
  api=14 insize=18731 outsize=11742 ok=1
Cmd: translateComputeKernel
  api=14 insize=9370 outsize=16172 ok=1
Cmd: compileComputeKernel
  api=14 insize=1505 outsize=2071 ok=1
Cmd: translateComputeKernel
  api=14 insize=2071 outsize=3116 ok=1
Cmd: compileComputeKernel
  api=14 insize=11176 outsize=10700 ok=1
Cmd: translateComputeKernel
  api=14 insize=2124 outsize=3338 ok=1
Cmd: compileSnippet
  api=14 type=0 insize=2104 outsize=2388 kw=DIRECTIONAL UNITY_HDR_ON pd=UNITY_ENABLE_REFLECTION_BUFFERS UNITY_USE_DITHER_MASK_FOR_ALPHABLENDED_SHADOWS UNITY_PBS_USE_BRDF1 UNITY_SPECCUBE_BOX_PROJECTION UNITY_SPECCUBE_BLENDING UNITY_ENABLE_DETAIL_NORMALMAP SHADER_API_DESKTOP UNITY_LIGHT_PROBE_PROXY_VOLUME UNITY_LIGHTMAP_FULL_HDR ok=1
Cmd: compileSnippet
  api=14 type=1 insize=2104 outsize=6766 kw=DIRECTIONAL SHADOWS_SCREEN UNITY_HDR_ON pd=UNITY_ENABLE_REFLECTION_BUFFERS UNITY_USE_DITHER_MASK_FOR_ALPHABLENDED_SHADOWS UNITY_PBS_USE_BRDF1 UNITY_SPECCUBE_BOX_PROJECTION UNITY_SPECCUBE_BLENDING UNITY_ENABLE_DETAIL_NORMALMAP SHADER_API_DESKTOP UNITY_LIGHT_PROBE_PROXY_VOLUME UNITY_LIGHTMAP_FULL_HDR ok=1
